xrun(64): 23.09-s006: (c) Copyright 1995-2024 Cadence Design Systems, Inc.
TOOL:	xrun(64)	23.09-s006: Started on Jun 25, 2025 at 15:51:34 PKT
xrun
	-access +rwc
	-uvm
	-f file.f
		-incdir ./sv
		-incdir ./tb
		./sv/yapp_pkj.sv
		./tb/top.sv
		+UVM_VERBOSITY=UVM_HIGH

   User defined plus("+") options:
	+UVM_VERBOSITY=UVM_HIGH

DEFINE std       ./STD
|
xrun: *W,DLCPTH (/home/cc/mnt/XCELIUM2309/tools/inca/files/cdsvhdl.lib,1): cds.lib Invalid path '/home/cc/mnt/XCELIUM2309/tools/inca/files/STD' (cds.lib command ignored).
DEFINE synopsys  ./SYNOPSYS
|
xrun: *W,DLCPTH (/home/cc/mnt/XCELIUM2309/tools/inca/files/cdsvhdl.lib,2): cds.lib Invalid path '/home/cc/mnt/XCELIUM2309/tools/inca/files/SYNOPSYS' (cds.lib command ignored).
DEFINE ieee      ./IEEE
|
xrun: *W,DLCPTH (/home/cc/mnt/XCELIUM2309/tools/inca/files/cdsvhdl.lib,3): cds.lib Invalid path '/home/cc/mnt/XCELIUM2309/tools/inca/files/IEEE' (cds.lib command ignored).
DEFINE ambit     ./AMBIT
|
xrun: *W,DLCPTH (/home/cc/mnt/XCELIUM2309/tools/inca/files/cdsvhdl.lib,4): cds.lib Invalid path '/home/cc/mnt/XCELIUM2309/tools/inca/files/AMBIT' (cds.lib command ignored).
DEFINE vital_memory ./VITAL_MEMORY
|
xrun: *W,DLCPTH (/home/cc/mnt/XCELIUM2309/tools/inca/files/cdsvhdl.lib,5): cds.lib Invalid path '/home/cc/mnt/XCELIUM2309/tools/inca/files/VITAL_MEMORY' (cds.lib command ignored).
DEFINE ncutils ./NCUTILS
|
xrun: *W,DLCPTH (/home/cc/mnt/XCELIUM2309/tools/inca/files/cdsvhdl.lib,6): cds.lib Invalid path '/home/cc/mnt/XCELIUM2309/tools/inca/files/NCUTILS' (cds.lib command ignored).
DEFINE ncinternal ./NCINTERNAL
|
xrun: *W,DLCPTH (/home/cc/mnt/XCELIUM2309/tools/inca/files/cdsvhdl.lib,7): cds.lib Invalid path '/home/cc/mnt/XCELIUM2309/tools/inca/files/NCINTERNAL' (cds.lib command ignored).
DEFINE ncmodels ./NCMODELS
|
xrun: *W,DLCPTH (/home/cc/mnt/XCELIUM2309/tools/inca/files/cdsvhdl.lib,8): cds.lib Invalid path '/home/cc/mnt/XCELIUM2309/tools/inca/files/NCMODELS' (cds.lib command ignored).
DEFINE xmutils ./XMUTILS
|
xrun: *W,DLCPTH (/home/cc/mnt/XCELIUM2309/tools/inca/files/cdsvhdl.lib,9): cds.lib Invalid path '/home/cc/mnt/XCELIUM2309/tools/inca/files/XMUTILS' (cds.lib command ignored).
DEFINE xminternal ./XMINTERNAL
|
xrun: *W,DLCPTH (/home/cc/mnt/XCELIUM2309/tools/inca/files/cdsvhdl.lib,10): cds.lib Invalid path '/home/cc/mnt/XCELIUM2309/tools/inca/files/XMINTERNAL' (cds.lib command ignored).
DEFINE xmmodels ./XMMODELS
|
xrun: *W,DLCPTH (/home/cc/mnt/XCELIUM2309/tools/inca/files/cdsvhdl.lib,11): cds.lib Invalid path '/home/cc/mnt/XCELIUM2309/tools/inca/files/XMMODELS' (cds.lib command ignored).
DEFINE cds_assertions ./CDS_ASSERTIONS
|
xrun: *W,DLCPTH (/home/cc/mnt/XCELIUM2309/tools/inca/files/cdsvhdl.lib,12): cds.lib Invalid path '/home/cc/mnt/XCELIUM2309/tools/inca/files/CDS_ASSERTIONS' (cds.lib command ignored).
DEFINE cds_inhconn ./CDS_INHCONN
|
xrun: *W,DLCPTH (/home/cc/mnt/XCELIUM2309/tools/inca/files/cdsvhdl.lib,13): cds.lib Invalid path '/home/cc/mnt/XCELIUM2309/tools/inca/files/CDS_INHCONN' (cds.lib command ignored).
DEFINE cds_spicelib ./CDS_SPICELIB
|
xrun: *W,DLCPTH (/home/cc/mnt/XCELIUM2309/tools/inca/files/cdsvhdl.lib,14): cds.lib Invalid path '/home/cc/mnt/XCELIUM2309/tools/inca/files/CDS_SPICELIB' (cds.lib command ignored).
DEFINE cds_amsfunctions ./CDS_AMSFUNCTIONS
|
xrun: *W,DLCPTH (/home/cc/mnt/XCELIUM2309/tools/inca/files/cdsvhdl.lib,15): cds.lib Invalid path '/home/cc/mnt/XCELIUM2309/tools/inca/files/CDS_AMSFUNCTIONS' (cds.lib command ignored).
DEFINE std       ./STD
|
xrun: *W,DLCPTH (/home/cc/mnt/XCELIUM2309/tools/inca/files/cdsvhdl.lib,1): cds.lib Invalid path '/home/cc/mnt/XCELIUM2309/tools/inca/files/STD' (cds.lib command ignored).
DEFINE synopsys  ./SYNOPSYS
|
xrun: *W,DLCPTH (/home/cc/mnt/XCELIUM2309/tools/inca/files/cdsvhdl.lib,2): cds.lib Invalid path '/home/cc/mnt/XCELIUM2309/tools/inca/files/SYNOPSYS' (cds.lib command ignored).
DEFINE ieee      ./IEEE
|
xrun: *W,DLCPTH (/home/cc/mnt/XCELIUM2309/tools/inca/files/cdsvhdl.lib,3): cds.lib Invalid path '/home/cc/mnt/XCELIUM2309/tools/inca/files/IEEE' (cds.lib command ignored).
DEFINE ambit     ./AMBIT
|
xrun: *W,DLCPTH (/home/cc/mnt/XCELIUM2309/tools/inca/files/cdsvhdl.lib,4): cds.lib Invalid path '/home/cc/mnt/XCELIUM2309/tools/inca/files/AMBIT' (cds.lib command ignored).
DEFINE vital_memory ./VITAL_MEMORY
|
xrun: *W,DLCPTH (/home/cc/mnt/XCELIUM2309/tools/inca/files/cdsvhdl.lib,5): cds.lib Invalid path '/home/cc/mnt/XCELIUM2309/tools/inca/files/VITAL_MEMORY' (cds.lib command ignored).
DEFINE ncutils ./NCUTILS
|
xrun: *W,DLCPTH (/home/cc/mnt/XCELIUM2309/tools/inca/files/cdsvhdl.lib,6): cds.lib Invalid path '/home/cc/mnt/XCELIUM2309/tools/inca/files/NCUTILS' (cds.lib command ignored).
DEFINE ncinternal ./NCINTERNAL
|
xrun: *W,DLCPTH (/home/cc/mnt/XCELIUM2309/tools/inca/files/cdsvhdl.lib,7): cds.lib Invalid path '/home/cc/mnt/XCELIUM2309/tools/inca/files/NCINTERNAL' (cds.lib command ignored).
DEFINE ncmodels ./NCMODELS
|
xrun: *W,DLCPTH (/home/cc/mnt/XCELIUM2309/tools/inca/files/cdsvhdl.lib,8): cds.lib Invalid path '/home/cc/mnt/XCELIUM2309/tools/inca/files/NCMODELS' (cds.lib command ignored).
DEFINE xmutils ./XMUTILS
|
xrun: *W,DLCPTH (/home/cc/mnt/XCELIUM2309/tools/inca/files/cdsvhdl.lib,9): cds.lib Invalid path '/home/cc/mnt/XCELIUM2309/tools/inca/files/XMUTILS' (cds.lib command ignored).
DEFINE xminternal ./XMINTERNAL
|
xrun: *W,DLCPTH (/home/cc/mnt/XCELIUM2309/tools/inca/files/cdsvhdl.lib,10): cds.lib Invalid path '/home/cc/mnt/XCELIUM2309/tools/inca/files/XMINTERNAL' (cds.lib command ignored).
DEFINE xmmodels ./XMMODELS
|
xrun: *W,DLCPTH (/home/cc/mnt/XCELIUM2309/tools/inca/files/cdsvhdl.lib,11): cds.lib Invalid path '/home/cc/mnt/XCELIUM2309/tools/inca/files/XMMODELS' (cds.lib command ignored).
DEFINE cds_assertions ./CDS_ASSERTIONS
|
xrun: *W,DLCPTH (/home/cc/mnt/XCELIUM2309/tools/inca/files/cdsvhdl.lib,12): cds.lib Invalid path '/home/cc/mnt/XCELIUM2309/tools/inca/files/CDS_ASSERTIONS' (cds.lib command ignored).
DEFINE cds_inhconn ./CDS_INHCONN
|
xrun: *W,DLCPTH (/home/cc/mnt/XCELIUM2309/tools/inca/files/cdsvhdl.lib,13): cds.lib Invalid path '/home/cc/mnt/XCELIUM2309/tools/inca/files/CDS_INHCONN' (cds.lib command ignored).
DEFINE cds_spicelib ./CDS_SPICELIB
|
xrun: *W,DLCPTH (/home/cc/mnt/XCELIUM2309/tools/inca/files/cdsvhdl.lib,14): cds.lib Invalid path '/home/cc/mnt/XCELIUM2309/tools/inca/files/CDS_SPICELIB' (cds.lib command ignored).
DEFINE cds_amsfunctions ./CDS_AMSFUNCTIONS
|
xrun: *W,DLCPTH (/home/cc/mnt/XCELIUM2309/tools/inca/files/cdsvhdl.lib,15): cds.lib Invalid path '/home/cc/mnt/XCELIUM2309/tools/inca/files/CDS_AMSFUNCTIONS' (cds.lib command ignored).
DEFINE std       ./STD
|
xrun: *W,DLCPTH (/home/cc/mnt/XCELIUM2309/tools/inca/files/cdsvhdl.lib,1): cds.lib Invalid path '/home/cc/mnt/XCELIUM2309/tools/inca/files/STD' (cds.lib command ignored).
DEFINE synopsys  ./SYNOPSYS
|
xrun: *W,DLCPTH (/home/cc/mnt/XCELIUM2309/tools/inca/files/cdsvhdl.lib,2): cds.lib Invalid path '/home/cc/mnt/XCELIUM2309/tools/inca/files/SYNOPSYS' (cds.lib command ignored).
DEFINE ieee      ./IEEE
|
xrun: *W,DLCPTH (/home/cc/mnt/XCELIUM2309/tools/inca/files/cdsvhdl.lib,3): cds.lib Invalid path '/home/cc/mnt/XCELIUM2309/tools/inca/files/IEEE' (cds.lib command ignored).
DEFINE ambit     ./AMBIT
|
xrun: *W,DLCPTH (/home/cc/mnt/XCELIUM2309/tools/inca/files/cdsvhdl.lib,4): cds.lib Invalid path '/home/cc/mnt/XCELIUM2309/tools/inca/files/AMBIT' (cds.lib command ignored).
DEFINE vital_memory ./VITAL_MEMORY
|
xrun: *W,DLCPTH (/home/cc/mnt/XCELIUM2309/tools/inca/files/cdsvhdl.lib,5): cds.lib Invalid path '/home/cc/mnt/XCELIUM2309/tools/inca/files/VITAL_MEMORY' (cds.lib command ignored).
DEFINE ncutils ./NCUTILS
|
xrun: *W,DLCPTH (/home/cc/mnt/XCELIUM2309/tools/inca/files/cdsvhdl.lib,6): cds.lib Invalid path '/home/cc/mnt/XCELIUM2309/tools/inca/files/NCUTILS' (cds.lib command ignored).
DEFINE ncinternal ./NCINTERNAL
|
xrun: *W,DLCPTH (/home/cc/mnt/XCELIUM2309/tools/inca/files/cdsvhdl.lib,7): cds.lib Invalid path '/home/cc/mnt/XCELIUM2309/tools/inca/files/NCINTERNAL' (cds.lib command ignored).
DEFINE ncmodels ./NCMODELS
|
xrun: *W,DLCPTH (/home/cc/mnt/XCELIUM2309/tools/inca/files/cdsvhdl.lib,8): cds.lib Invalid path '/home/cc/mnt/XCELIUM2309/tools/inca/files/NCMODELS' (cds.lib command ignored).
DEFINE xmutils ./XMUTILS
|
xrun: *W,DLCPTH (/home/cc/mnt/XCELIUM2309/tools/inca/files/cdsvhdl.lib,9): cds.lib Invalid path '/home/cc/mnt/XCELIUM2309/tools/inca/files/XMUTILS' (cds.lib command ignored).
DEFINE xminternal ./XMINTERNAL
|
xrun: *W,DLCPTH (/home/cc/mnt/XCELIUM2309/tools/inca/files/cdsvhdl.lib,10): cds.lib Invalid path '/home/cc/mnt/XCELIUM2309/tools/inca/files/XMINTERNAL' (cds.lib command ignored).
DEFINE xmmodels ./XMMODELS
|
xrun: *W,DLCPTH (/home/cc/mnt/XCELIUM2309/tools/inca/files/cdsvhdl.lib,11): cds.lib Invalid path '/home/cc/mnt/XCELIUM2309/tools/inca/files/XMMODELS' (cds.lib command ignored).
DEFINE cds_assertions ./CDS_ASSERTIONS
|
xrun: *W,DLCPTH (/home/cc/mnt/XCELIUM2309/tools/inca/files/cdsvhdl.lib,12): cds.lib Invalid path '/home/cc/mnt/XCELIUM2309/tools/inca/files/CDS_ASSERTIONS' (cds.lib command ignored).
DEFINE cds_inhconn ./CDS_INHCONN
|
xrun: *W,DLCPTH (/home/cc/mnt/XCELIUM2309/tools/inca/files/cdsvhdl.lib,13): cds.lib Invalid path '/home/cc/mnt/XCELIUM2309/tools/inca/files/CDS_INHCONN' (cds.lib command ignored).
DEFINE cds_spicelib ./CDS_SPICELIB
|
xrun: *W,DLCPTH (/home/cc/mnt/XCELIUM2309/tools/inca/files/cdsvhdl.lib,14): cds.lib Invalid path '/home/cc/mnt/XCELIUM2309/tools/inca/files/CDS_SPICELIB' (cds.lib command ignored).
DEFINE cds_amsfunctions ./CDS_AMSFUNCTIONS
|
xrun: *W,DLCPTH (/home/cc/mnt/XCELIUM2309/tools/inca/files/cdsvhdl.lib,15): cds.lib Invalid path '/home/cc/mnt/XCELIUM2309/tools/inca/files/CDS_AMSFUNCTIONS' (cds.lib command ignored).
DEFINE std       ./STD
|
xrun: *W,DLCPTH (/home/cc/mnt/XCELIUM2309/tools/inca/files/cdsvhdl.lib,1): cds.lib Invalid path '/home/cc/mnt/XCELIUM2309/tools/inca/files/STD' (cds.lib command ignored).
DEFINE synopsys  ./SYNOPSYS
|
xrun: *W,DLCPTH (/home/cc/mnt/XCELIUM2309/tools/inca/files/cdsvhdl.lib,2): cds.lib Invalid path '/home/cc/mnt/XCELIUM2309/tools/inca/files/SYNOPSYS' (cds.lib command ignored).
DEFINE ieee      ./IEEE
|
xrun: *W,DLCPTH (/home/cc/mnt/XCELIUM2309/tools/inca/files/cdsvhdl.lib,3): cds.lib Invalid path '/home/cc/mnt/XCELIUM2309/tools/inca/files/IEEE' (cds.lib command ignored).
DEFINE ambit     ./AMBIT
|
xrun: *W,DLCPTH (/home/cc/mnt/XCELIUM2309/tools/inca/files/cdsvhdl.lib,4): cds.lib Invalid path '/home/cc/mnt/XCELIUM2309/tools/inca/files/AMBIT' (cds.lib command ignored).
DEFINE vital_memory ./VITAL_MEMORY
|
xrun: *W,DLCPTH (/home/cc/mnt/XCELIUM2309/tools/inca/files/cdsvhdl.lib,5): cds.lib Invalid path '/home/cc/mnt/XCELIUM2309/tools/inca/files/VITAL_MEMORY' (cds.lib command ignored).
DEFINE ncutils ./NCUTILS
|
xrun: *W,DLCPTH (/home/cc/mnt/XCELIUM2309/tools/inca/files/cdsvhdl.lib,6): cds.lib Invalid path '/home/cc/mnt/XCELIUM2309/tools/inca/files/NCUTILS' (cds.lib command ignored).
DEFINE ncinternal ./NCINTERNAL
|
xrun: *W,DLCPTH (/home/cc/mnt/XCELIUM2309/tools/inca/files/cdsvhdl.lib,7): cds.lib Invalid path '/home/cc/mnt/XCELIUM2309/tools/inca/files/NCINTERNAL' (cds.lib command ignored).
DEFINE ncmodels ./NCMODELS
|
xrun: *W,DLCPTH (/home/cc/mnt/XCELIUM2309/tools/inca/files/cdsvhdl.lib,8): cds.lib Invalid path '/home/cc/mnt/XCELIUM2309/tools/inca/files/NCMODELS' (cds.lib command ignored).
DEFINE xmutils ./XMUTILS
|
xrun: *W,DLCPTH (/home/cc/mnt/XCELIUM2309/tools/inca/files/cdsvhdl.lib,9): cds.lib Invalid path '/home/cc/mnt/XCELIUM2309/tools/inca/files/XMUTILS' (cds.lib command ignored).
DEFINE xminternal ./XMINTERNAL
|
xrun: *W,DLCPTH (/home/cc/mnt/XCELIUM2309/tools/inca/files/cdsvhdl.lib,10): cds.lib Invalid path '/home/cc/mnt/XCELIUM2309/tools/inca/files/XMINTERNAL' (cds.lib command ignored).
DEFINE xmmodels ./XMMODELS
|
xrun: *W,DLCPTH (/home/cc/mnt/XCELIUM2309/tools/inca/files/cdsvhdl.lib,11): cds.lib Invalid path '/home/cc/mnt/XCELIUM2309/tools/inca/files/XMMODELS' (cds.lib command ignored).
DEFINE cds_assertions ./CDS_ASSERTIONS
|
xrun: *W,DLCPTH (/home/cc/mnt/XCELIUM2309/tools/inca/files/cdsvhdl.lib,12): cds.lib Invalid path '/home/cc/mnt/XCELIUM2309/tools/inca/files/CDS_ASSERTIONS' (cds.lib command ignored).
DEFINE cds_inhconn ./CDS_INHCONN
|
xrun: *W,DLCPTH (/home/cc/mnt/XCELIUM2309/tools/inca/files/cdsvhdl.lib,13): cds.lib Invalid path '/home/cc/mnt/XCELIUM2309/tools/inca/files/CDS_INHCONN' (cds.lib command ignored).
DEFINE cds_spicelib ./CDS_SPICELIB
|
xrun: *W,DLCPTH (/home/cc/mnt/XCELIUM2309/tools/inca/files/cdsvhdl.lib,14): cds.lib Invalid path '/home/cc/mnt/XCELIUM2309/tools/inca/files/CDS_SPICELIB' (cds.lib command ignored).
DEFINE cds_amsfunctions ./CDS_AMSFUNCTIONS
|
xrun: *W,DLCPTH (/home/cc/mnt/XCELIUM2309/tools/inca/files/cdsvhdl.lib,15): cds.lib Invalid path '/home/cc/mnt/XCELIUM2309/tools/inca/files/CDS_AMSFUNCTIONS' (cds.lib command ignored).
DEFINE std       ./STD
|
xrun: *W,DLCPTH (/home/cc/mnt/XCELIUM2309/tools/inca/files/cdsvhdl.lib,1): cds.lib Invalid path '/home/cc/mnt/XCELIUM2309/tools/inca/files/STD' (cds.lib command ignored).
DEFINE synopsys  ./SYNOPSYS
|
xrun: *W,DLCPTH (/home/cc/mnt/XCELIUM2309/tools/inca/files/cdsvhdl.lib,2): cds.lib Invalid path '/home/cc/mnt/XCELIUM2309/tools/inca/files/SYNOPSYS' (cds.lib command ignored).
DEFINE ieee      ./IEEE
|
xrun: *W,DLCPTH (/home/cc/mnt/XCELIUM2309/tools/inca/files/cdsvhdl.lib,3): cds.lib Invalid path '/home/cc/mnt/XCELIUM2309/tools/inca/files/IEEE' (cds.lib command ignored).
DEFINE ambit     ./AMBIT
|
xrun: *W,DLCPTH (/home/cc/mnt/XCELIUM2309/tools/inca/files/cdsvhdl.lib,4): cds.lib Invalid path '/home/cc/mnt/XCELIUM2309/tools/inca/files/AMBIT' (cds.lib command ignored).
DEFINE vital_memory ./VITAL_MEMORY
|
xrun: *W,DLCPTH (/home/cc/mnt/XCELIUM2309/tools/inca/files/cdsvhdl.lib,5): cds.lib Invalid path '/home/cc/mnt/XCELIUM2309/tools/inca/files/VITAL_MEMORY' (cds.lib command ignored).
DEFINE ncutils ./NCUTILS
|
xrun: *W,DLCPTH (/home/cc/mnt/XCELIUM2309/tools/inca/files/cdsvhdl.lib,6): cds.lib Invalid path '/home/cc/mnt/XCELIUM2309/tools/inca/files/NCUTILS' (cds.lib command ignored).
DEFINE ncinternal ./NCINTERNAL
|
xrun: *W,DLCPTH (/home/cc/mnt/XCELIUM2309/tools/inca/files/cdsvhdl.lib,7): cds.lib Invalid path '/home/cc/mnt/XCELIUM2309/tools/inca/files/NCINTERNAL' (cds.lib command ignored).
DEFINE ncmodels ./NCMODELS
|
xrun: *W,DLCPTH (/home/cc/mnt/XCELIUM2309/tools/inca/files/cdsvhdl.lib,8): cds.lib Invalid path '/home/cc/mnt/XCELIUM2309/tools/inca/files/NCMODELS' (cds.lib command ignored).
DEFINE xmutils ./XMUTILS
|
xrun: *W,DLCPTH (/home/cc/mnt/XCELIUM2309/tools/inca/files/cdsvhdl.lib,9): cds.lib Invalid path '/home/cc/mnt/XCELIUM2309/tools/inca/files/XMUTILS' (cds.lib command ignored).
DEFINE xminternal ./XMINTERNAL
|
xrun: *W,DLCPTH (/home/cc/mnt/XCELIUM2309/tools/inca/files/cdsvhdl.lib,10): cds.lib Invalid path '/home/cc/mnt/XCELIUM2309/tools/inca/files/XMINTERNAL' (cds.lib command ignored).
DEFINE xmmodels ./XMMODELS
|
xrun: *W,DLCPTH (/home/cc/mnt/XCELIUM2309/tools/inca/files/cdsvhdl.lib,11): cds.lib Invalid path '/home/cc/mnt/XCELIUM2309/tools/inca/files/XMMODELS' (cds.lib command ignored).
DEFINE cds_assertions ./CDS_ASSERTIONS
|
xrun: *W,DLCPTH (/home/cc/mnt/XCELIUM2309/tools/inca/files/cdsvhdl.lib,12): cds.lib Invalid path '/home/cc/mnt/XCELIUM2309/tools/inca/files/CDS_ASSERTIONS' (cds.lib command ignored).
DEFINE cds_inhconn ./CDS_INHCONN
|
xrun: *W,DLCPTH (/home/cc/mnt/XCELIUM2309/tools/inca/files/cdsvhdl.lib,13): cds.lib Invalid path '/home/cc/mnt/XCELIUM2309/tools/inca/files/CDS_INHCONN' (cds.lib command ignored).
DEFINE cds_spicelib ./CDS_SPICELIB
|
xrun: *W,DLCPTH (/home/cc/mnt/XCELIUM2309/tools/inca/files/cdsvhdl.lib,14): cds.lib Invalid path '/home/cc/mnt/XCELIUM2309/tools/inca/files/CDS_SPICELIB' (cds.lib command ignored).
DEFINE cds_amsfunctions ./CDS_AMSFUNCTIONS
|
xrun: *W,DLCPTH (/home/cc/mnt/XCELIUM2309/tools/inca/files/cdsvhdl.lib,15): cds.lib Invalid path '/home/cc/mnt/XCELIUM2309/tools/inca/files/CDS_AMSFUNCTIONS' (cds.lib command ignored).
Recompiling... reason: file './tb/top.sv' is newer than expected.
	expected: Wed Jun 25 15:50:43 2025
	actual:   Wed Jun 25 15:51:32 2025
DEFINE std       ./STD
|
xrun: *W,DLCPTH (/home/cc/mnt/XCELIUM2309/tools/inca/files/cdsvhdl.lib,1): cds.lib Invalid path '/home/cc/mnt/XCELIUM2309/tools/inca/files/STD' (cds.lib command ignored).
DEFINE synopsys  ./SYNOPSYS
|
xrun: *W,DLCPTH (/home/cc/mnt/XCELIUM2309/tools/inca/files/cdsvhdl.lib,2): cds.lib Invalid path '/home/cc/mnt/XCELIUM2309/tools/inca/files/SYNOPSYS' (cds.lib command ignored).
DEFINE ieee      ./IEEE
|
xrun: *W,DLCPTH (/home/cc/mnt/XCELIUM2309/tools/inca/files/cdsvhdl.lib,3): cds.lib Invalid path '/home/cc/mnt/XCELIUM2309/tools/inca/files/IEEE' (cds.lib command ignored).
DEFINE ambit     ./AMBIT
|
xrun: *W,DLCPTH (/home/cc/mnt/XCELIUM2309/tools/inca/files/cdsvhdl.lib,4): cds.lib Invalid path '/home/cc/mnt/XCELIUM2309/tools/inca/files/AMBIT' (cds.lib command ignored).
DEFINE vital_memory ./VITAL_MEMORY
|
xrun: *W,DLCPTH (/home/cc/mnt/XCELIUM2309/tools/inca/files/cdsvhdl.lib,5): cds.lib Invalid path '/home/cc/mnt/XCELIUM2309/tools/inca/files/VITAL_MEMORY' (cds.lib command ignored).
DEFINE ncutils ./NCUTILS
|
xrun: *W,DLCPTH (/home/cc/mnt/XCELIUM2309/tools/inca/files/cdsvhdl.lib,6): cds.lib Invalid path '/home/cc/mnt/XCELIUM2309/tools/inca/files/NCUTILS' (cds.lib command ignored).
DEFINE ncinternal ./NCINTERNAL
|
xrun: *W,DLCPTH (/home/cc/mnt/XCELIUM2309/tools/inca/files/cdsvhdl.lib,7): cds.lib Invalid path '/home/cc/mnt/XCELIUM2309/tools/inca/files/NCINTERNAL' (cds.lib command ignored).
DEFINE ncmodels ./NCMODELS
|
xrun: *W,DLCPTH (/home/cc/mnt/XCELIUM2309/tools/inca/files/cdsvhdl.lib,8): cds.lib Invalid path '/home/cc/mnt/XCELIUM2309/tools/inca/files/NCMODELS' (cds.lib command ignored).
DEFINE xmutils ./XMUTILS
|
xrun: *W,DLCPTH (/home/cc/mnt/XCELIUM2309/tools/inca/files/cdsvhdl.lib,9): cds.lib Invalid path '/home/cc/mnt/XCELIUM2309/tools/inca/files/XMUTILS' (cds.lib command ignored).
DEFINE xminternal ./XMINTERNAL
|
xrun: *W,DLCPTH (/home/cc/mnt/XCELIUM2309/tools/inca/files/cdsvhdl.lib,10): cds.lib Invalid path '/home/cc/mnt/XCELIUM2309/tools/inca/files/XMINTERNAL' (cds.lib command ignored).
DEFINE xmmodels ./XMMODELS
|
xrun: *W,DLCPTH (/home/cc/mnt/XCELIUM2309/tools/inca/files/cdsvhdl.lib,11): cds.lib Invalid path '/home/cc/mnt/XCELIUM2309/tools/inca/files/XMMODELS' (cds.lib command ignored).
DEFINE cds_assertions ./CDS_ASSERTIONS
|
xrun: *W,DLCPTH (/home/cc/mnt/XCELIUM2309/tools/inca/files/cdsvhdl.lib,12): cds.lib Invalid path '/home/cc/mnt/XCELIUM2309/tools/inca/files/CDS_ASSERTIONS' (cds.lib command ignored).
DEFINE cds_inhconn ./CDS_INHCONN
|
xrun: *W,DLCPTH (/home/cc/mnt/XCELIUM2309/tools/inca/files/cdsvhdl.lib,13): cds.lib Invalid path '/home/cc/mnt/XCELIUM2309/tools/inca/files/CDS_INHCONN' (cds.lib command ignored).
DEFINE cds_spicelib ./CDS_SPICELIB
|
xrun: *W,DLCPTH (/home/cc/mnt/XCELIUM2309/tools/inca/files/cdsvhdl.lib,14): cds.lib Invalid path '/home/cc/mnt/XCELIUM2309/tools/inca/files/CDS_SPICELIB' (cds.lib command ignored).
DEFINE cds_amsfunctions ./CDS_AMSFUNCTIONS
|
xrun: *W,DLCPTH (/home/cc/mnt/XCELIUM2309/tools/inca/files/cdsvhdl.lib,15): cds.lib Invalid path '/home/cc/mnt/XCELIUM2309/tools/inca/files/CDS_AMSFUNCTIONS' (cds.lib command ignored).
Compiling UVM packages (uvm_pkg.sv cdns_uvm_pkg.sv) using uvmhome location /home/cc/mnt/XCELIUM2309/tools/methodology/UVM/CDNS-1.1d
DEFINE std       ./STD
|
xmvlog: *W,DLCPTH (/home/cc/mnt/XCELIUM2309/tools/inca/files/cdsvhdl.lib,1): cds.lib Invalid path '/home/cc/mnt/XCELIUM2309/tools/inca/files/STD' (cds.lib command ignored).
DEFINE synopsys  ./SYNOPSYS
|
xmvlog: *W,DLCPTH (/home/cc/mnt/XCELIUM2309/tools/inca/files/cdsvhdl.lib,2): cds.lib Invalid path '/home/cc/mnt/XCELIUM2309/tools/inca/files/SYNOPSYS' (cds.lib command ignored).
DEFINE ieee      ./IEEE
|
xmvlog: *W,DLCPTH (/home/cc/mnt/XCELIUM2309/tools/inca/files/cdsvhdl.lib,3): cds.lib Invalid path '/home/cc/mnt/XCELIUM2309/tools/inca/files/IEEE' (cds.lib command ignored).
DEFINE ambit     ./AMBIT
|
xmvlog: *W,DLCPTH (/home/cc/mnt/XCELIUM2309/tools/inca/files/cdsvhdl.lib,4): cds.lib Invalid path '/home/cc/mnt/XCELIUM2309/tools/inca/files/AMBIT' (cds.lib command ignored).
DEFINE vital_memory ./VITAL_MEMORY
|
xmvlog: *W,DLCPTH (/home/cc/mnt/XCELIUM2309/tools/inca/files/cdsvhdl.lib,5): cds.lib Invalid path '/home/cc/mnt/XCELIUM2309/tools/inca/files/VITAL_MEMORY' (cds.lib command ignored).
DEFINE ncutils ./NCUTILS
|
xmvlog: *W,DLCPTH (/home/cc/mnt/XCELIUM2309/tools/inca/files/cdsvhdl.lib,6): cds.lib Invalid path '/home/cc/mnt/XCELIUM2309/tools/inca/files/NCUTILS' (cds.lib command ignored).
DEFINE ncinternal ./NCINTERNAL
|
xmvlog: *W,DLCPTH (/home/cc/mnt/XCELIUM2309/tools/inca/files/cdsvhdl.lib,7): cds.lib Invalid path '/home/cc/mnt/XCELIUM2309/tools/inca/files/NCINTERNAL' (cds.lib command ignored).
DEFINE ncmodels ./NCMODELS
|
xmvlog: *W,DLCPTH (/home/cc/mnt/XCELIUM2309/tools/inca/files/cdsvhdl.lib,8): cds.lib Invalid path '/home/cc/mnt/XCELIUM2309/tools/inca/files/NCMODELS' (cds.lib command ignored).
DEFINE xmutils ./XMUTILS
|
xmvlog: *W,DLCPTH (/home/cc/mnt/XCELIUM2309/tools/inca/files/cdsvhdl.lib,9): cds.lib Invalid path '/home/cc/mnt/XCELIUM2309/tools/inca/files/XMUTILS' (cds.lib command ignored).
DEFINE xminternal ./XMINTERNAL
|
xmvlog: *W,DLCPTH (/home/cc/mnt/XCELIUM2309/tools/inca/files/cdsvhdl.lib,10): cds.lib Invalid path '/home/cc/mnt/XCELIUM2309/tools/inca/files/XMINTERNAL' (cds.lib command ignored).
DEFINE xmmodels ./XMMODELS
|
xmvlog: *W,DLCPTH (/home/cc/mnt/XCELIUM2309/tools/inca/files/cdsvhdl.lib,11): cds.lib Invalid path '/home/cc/mnt/XCELIUM2309/tools/inca/files/XMMODELS' (cds.lib command ignored).
DEFINE cds_assertions ./CDS_ASSERTIONS
|
xmvlog: *W,DLCPTH (/home/cc/mnt/XCELIUM2309/tools/inca/files/cdsvhdl.lib,12): cds.lib Invalid path '/home/cc/mnt/XCELIUM2309/tools/inca/files/CDS_ASSERTIONS' (cds.lib command ignored).
DEFINE cds_inhconn ./CDS_INHCONN
|
xmvlog: *W,DLCPTH (/home/cc/mnt/XCELIUM2309/tools/inca/files/cdsvhdl.lib,13): cds.lib Invalid path '/home/cc/mnt/XCELIUM2309/tools/inca/files/CDS_INHCONN' (cds.lib command ignored).
DEFINE cds_spicelib ./CDS_SPICELIB
|
xmvlog: *W,DLCPTH (/home/cc/mnt/XCELIUM2309/tools/inca/files/cdsvhdl.lib,14): cds.lib Invalid path '/home/cc/mnt/XCELIUM2309/tools/inca/files/CDS_SPICELIB' (cds.lib command ignored).
DEFINE cds_amsfunctions ./CDS_AMSFUNCTIONS
|
xmvlog: *W,DLCPTH (/home/cc/mnt/XCELIUM2309/tools/inca/files/cdsvhdl.lib,15): cds.lib Invalid path '/home/cc/mnt/XCELIUM2309/tools/inca/files/CDS_AMSFUNCTIONS' (cds.lib command ignored).
DEFINE std       ./STD
|
xmvlog: *W,DLCPTH (/home/cc/mnt/XCELIUM2309/tools/inca/files/cdsvhdl.lib,1): cds.lib Invalid path '/home/cc/mnt/XCELIUM2309/tools/inca/files/STD' (cds.lib command ignored).
DEFINE synopsys  ./SYNOPSYS
|
xmvlog: *W,DLCPTH (/home/cc/mnt/XCELIUM2309/tools/inca/files/cdsvhdl.lib,2): cds.lib Invalid path '/home/cc/mnt/XCELIUM2309/tools/inca/files/SYNOPSYS' (cds.lib command ignored).
DEFINE ieee      ./IEEE
|
xmvlog: *W,DLCPTH (/home/cc/mnt/XCELIUM2309/tools/inca/files/cdsvhdl.lib,3): cds.lib Invalid path '/home/cc/mnt/XCELIUM2309/tools/inca/files/IEEE' (cds.lib command ignored).
DEFINE ambit     ./AMBIT
|
xmvlog: *W,DLCPTH (/home/cc/mnt/XCELIUM2309/tools/inca/files/cdsvhdl.lib,4): cds.lib Invalid path '/home/cc/mnt/XCELIUM2309/tools/inca/files/AMBIT' (cds.lib command ignored).
DEFINE vital_memory ./VITAL_MEMORY
|
xmvlog: *W,DLCPTH (/home/cc/mnt/XCELIUM2309/tools/inca/files/cdsvhdl.lib,5): cds.lib Invalid path '/home/cc/mnt/XCELIUM2309/tools/inca/files/VITAL_MEMORY' (cds.lib command ignored).
DEFINE ncutils ./NCUTILS
|
xmvlog: *W,DLCPTH (/home/cc/mnt/XCELIUM2309/tools/inca/files/cdsvhdl.lib,6): cds.lib Invalid path '/home/cc/mnt/XCELIUM2309/tools/inca/files/NCUTILS' (cds.lib command ignored).
DEFINE ncinternal ./NCINTERNAL
|
xmvlog: *W,DLCPTH (/home/cc/mnt/XCELIUM2309/tools/inca/files/cdsvhdl.lib,7): cds.lib Invalid path '/home/cc/mnt/XCELIUM2309/tools/inca/files/NCINTERNAL' (cds.lib command ignored).
DEFINE ncmodels ./NCMODELS
|
xmvlog: *W,DLCPTH (/home/cc/mnt/XCELIUM2309/tools/inca/files/cdsvhdl.lib,8): cds.lib Invalid path '/home/cc/mnt/XCELIUM2309/tools/inca/files/NCMODELS' (cds.lib command ignored).
DEFINE xmutils ./XMUTILS
|
xmvlog: *W,DLCPTH (/home/cc/mnt/XCELIUM2309/tools/inca/files/cdsvhdl.lib,9): cds.lib Invalid path '/home/cc/mnt/XCELIUM2309/tools/inca/files/XMUTILS' (cds.lib command ignored).
DEFINE xminternal ./XMINTERNAL
|
xmvlog: *W,DLCPTH (/home/cc/mnt/XCELIUM2309/tools/inca/files/cdsvhdl.lib,10): cds.lib Invalid path '/home/cc/mnt/XCELIUM2309/tools/inca/files/XMINTERNAL' (cds.lib command ignored).
DEFINE xmmodels ./XMMODELS
|
xmvlog: *W,DLCPTH (/home/cc/mnt/XCELIUM2309/tools/inca/files/cdsvhdl.lib,11): cds.lib Invalid path '/home/cc/mnt/XCELIUM2309/tools/inca/files/XMMODELS' (cds.lib command ignored).
DEFINE cds_assertions ./CDS_ASSERTIONS
|
xmvlog: *W,DLCPTH (/home/cc/mnt/XCELIUM2309/tools/inca/files/cdsvhdl.lib,12): cds.lib Invalid path '/home/cc/mnt/XCELIUM2309/tools/inca/files/CDS_ASSERTIONS' (cds.lib command ignored).
DEFINE cds_inhconn ./CDS_INHCONN
|
xmvlog: *W,DLCPTH (/home/cc/mnt/XCELIUM2309/tools/inca/files/cdsvhdl.lib,13): cds.lib Invalid path '/home/cc/mnt/XCELIUM2309/tools/inca/files/CDS_INHCONN' (cds.lib command ignored).
DEFINE cds_spicelib ./CDS_SPICELIB
|
xmvlog: *W,DLCPTH (/home/cc/mnt/XCELIUM2309/tools/inca/files/cdsvhdl.lib,14): cds.lib Invalid path '/home/cc/mnt/XCELIUM2309/tools/inca/files/CDS_SPICELIB' (cds.lib command ignored).
DEFINE cds_amsfunctions ./CDS_AMSFUNCTIONS
|
xmvlog: *W,DLCPTH (/home/cc/mnt/XCELIUM2309/tools/inca/files/cdsvhdl.lib,15): cds.lib Invalid path '/home/cc/mnt/XCELIUM2309/tools/inca/files/CDS_AMSFUNCTIONS' (cds.lib command ignored).
file: ./sv/yapp_pkj.sv
        set_parity();
                 |
xmvlog: *W,FUNTSK (./sv/yapp_packet.sv,39|17): function called as a task without void'().
file: ./tb/top.sv
endclass: uvm_env
                |
xmvlog: *W,LBLMAT (./tb/router_tb.sv,14|16): Label/name mismatch: router_tb - uvm_env.
	module worklib.top:sv
		errors: 0, warnings: 1
xmvlog: *W,SPDUSD: Include directory ./sv given but not used.
	Total errors/warnings found outside modules and primitives:
		errors: 0, warnings: 16
DEFINE std       ./STD
|
xrun: *W,DLCPTH (/home/cc/mnt/XCELIUM2309/tools/inca/files/cdsvhdl.lib,1): cds.lib Invalid path '/home/cc/mnt/XCELIUM2309/tools/inca/files/STD' (cds.lib command ignored).
DEFINE synopsys  ./SYNOPSYS
|
xrun: *W,DLCPTH (/home/cc/mnt/XCELIUM2309/tools/inca/files/cdsvhdl.lib,2): cds.lib Invalid path '/home/cc/mnt/XCELIUM2309/tools/inca/files/SYNOPSYS' (cds.lib command ignored).
DEFINE ieee      ./IEEE
|
xrun: *W,DLCPTH (/home/cc/mnt/XCELIUM2309/tools/inca/files/cdsvhdl.lib,3): cds.lib Invalid path '/home/cc/mnt/XCELIUM2309/tools/inca/files/IEEE' (cds.lib command ignored).
DEFINE ambit     ./AMBIT
|
xrun: *W,DLCPTH (/home/cc/mnt/XCELIUM2309/tools/inca/files/cdsvhdl.lib,4): cds.lib Invalid path '/home/cc/mnt/XCELIUM2309/tools/inca/files/AMBIT' (cds.lib command ignored).
DEFINE vital_memory ./VITAL_MEMORY
|
xrun: *W,DLCPTH (/home/cc/mnt/XCELIUM2309/tools/inca/files/cdsvhdl.lib,5): cds.lib Invalid path '/home/cc/mnt/XCELIUM2309/tools/inca/files/VITAL_MEMORY' (cds.lib command ignored).
DEFINE ncutils ./NCUTILS
|
xrun: *W,DLCPTH (/home/cc/mnt/XCELIUM2309/tools/inca/files/cdsvhdl.lib,6): cds.lib Invalid path '/home/cc/mnt/XCELIUM2309/tools/inca/files/NCUTILS' (cds.lib command ignored).
DEFINE ncinternal ./NCINTERNAL
|
xrun: *W,DLCPTH (/home/cc/mnt/XCELIUM2309/tools/inca/files/cdsvhdl.lib,7): cds.lib Invalid path '/home/cc/mnt/XCELIUM2309/tools/inca/files/NCINTERNAL' (cds.lib command ignored).
DEFINE ncmodels ./NCMODELS
|
xrun: *W,DLCPTH (/home/cc/mnt/XCELIUM2309/tools/inca/files/cdsvhdl.lib,8): cds.lib Invalid path '/home/cc/mnt/XCELIUM2309/tools/inca/files/NCMODELS' (cds.lib command ignored).
DEFINE xmutils ./XMUTILS
|
xrun: *W,DLCPTH (/home/cc/mnt/XCELIUM2309/tools/inca/files/cdsvhdl.lib,9): cds.lib Invalid path '/home/cc/mnt/XCELIUM2309/tools/inca/files/XMUTILS' (cds.lib command ignored).
DEFINE xminternal ./XMINTERNAL
|
xrun: *W,DLCPTH (/home/cc/mnt/XCELIUM2309/tools/inca/files/cdsvhdl.lib,10): cds.lib Invalid path '/home/cc/mnt/XCELIUM2309/tools/inca/files/XMINTERNAL' (cds.lib command ignored).
DEFINE xmmodels ./XMMODELS
|
xrun: *W,DLCPTH (/home/cc/mnt/XCELIUM2309/tools/inca/files/cdsvhdl.lib,11): cds.lib Invalid path '/home/cc/mnt/XCELIUM2309/tools/inca/files/XMMODELS' (cds.lib command ignored).
DEFINE cds_assertions ./CDS_ASSERTIONS
|
xrun: *W,DLCPTH (/home/cc/mnt/XCELIUM2309/tools/inca/files/cdsvhdl.lib,12): cds.lib Invalid path '/home/cc/mnt/XCELIUM2309/tools/inca/files/CDS_ASSERTIONS' (cds.lib command ignored).
DEFINE cds_inhconn ./CDS_INHCONN
|
xrun: *W,DLCPTH (/home/cc/mnt/XCELIUM2309/tools/inca/files/cdsvhdl.lib,13): cds.lib Invalid path '/home/cc/mnt/XCELIUM2309/tools/inca/files/CDS_INHCONN' (cds.lib command ignored).
DEFINE cds_spicelib ./CDS_SPICELIB
|
xrun: *W,DLCPTH (/home/cc/mnt/XCELIUM2309/tools/inca/files/cdsvhdl.lib,14): cds.lib Invalid path '/home/cc/mnt/XCELIUM2309/tools/inca/files/CDS_SPICELIB' (cds.lib command ignored).
DEFINE cds_amsfunctions ./CDS_AMSFUNCTIONS
|
xrun: *W,DLCPTH (/home/cc/mnt/XCELIUM2309/tools/inca/files/cdsvhdl.lib,15): cds.lib Invalid path '/home/cc/mnt/XCELIUM2309/tools/inca/files/CDS_AMSFUNCTIONS' (cds.lib command ignored).
DEFINE std       ./STD
|
xrun: *W,DLCPTH (/home/cc/mnt/XCELIUM2309/tools/inca/files/cdsvhdl.lib,1): cds.lib Invalid path '/home/cc/mnt/XCELIUM2309/tools/inca/files/STD' (cds.lib command ignored).
DEFINE synopsys  ./SYNOPSYS
|
xrun: *W,DLCPTH (/home/cc/mnt/XCELIUM2309/tools/inca/files/cdsvhdl.lib,2): cds.lib Invalid path '/home/cc/mnt/XCELIUM2309/tools/inca/files/SYNOPSYS' (cds.lib command ignored).
DEFINE ieee      ./IEEE
|
xrun: *W,DLCPTH (/home/cc/mnt/XCELIUM2309/tools/inca/files/cdsvhdl.lib,3): cds.lib Invalid path '/home/cc/mnt/XCELIUM2309/tools/inca/files/IEEE' (cds.lib command ignored).
DEFINE ambit     ./AMBIT
|
xrun: *W,DLCPTH (/home/cc/mnt/XCELIUM2309/tools/inca/files/cdsvhdl.lib,4): cds.lib Invalid path '/home/cc/mnt/XCELIUM2309/tools/inca/files/AMBIT' (cds.lib command ignored).
DEFINE vital_memory ./VITAL_MEMORY
|
xrun: *W,DLCPTH (/home/cc/mnt/XCELIUM2309/tools/inca/files/cdsvhdl.lib,5): cds.lib Invalid path '/home/cc/mnt/XCELIUM2309/tools/inca/files/VITAL_MEMORY' (cds.lib command ignored).
DEFINE ncutils ./NCUTILS
|
xrun: *W,DLCPTH (/home/cc/mnt/XCELIUM2309/tools/inca/files/cdsvhdl.lib,6): cds.lib Invalid path '/home/cc/mnt/XCELIUM2309/tools/inca/files/NCUTILS' (cds.lib command ignored).
DEFINE ncinternal ./NCINTERNAL
|
xrun: *W,DLCPTH (/home/cc/mnt/XCELIUM2309/tools/inca/files/cdsvhdl.lib,7): cds.lib Invalid path '/home/cc/mnt/XCELIUM2309/tools/inca/files/NCINTERNAL' (cds.lib command ignored).
DEFINE ncmodels ./NCMODELS
|
xrun: *W,DLCPTH (/home/cc/mnt/XCELIUM2309/tools/inca/files/cdsvhdl.lib,8): cds.lib Invalid path '/home/cc/mnt/XCELIUM2309/tools/inca/files/NCMODELS' (cds.lib command ignored).
DEFINE xmutils ./XMUTILS
|
xrun: *W,DLCPTH (/home/cc/mnt/XCELIUM2309/tools/inca/files/cdsvhdl.lib,9): cds.lib Invalid path '/home/cc/mnt/XCELIUM2309/tools/inca/files/XMUTILS' (cds.lib command ignored).
DEFINE xminternal ./XMINTERNAL
|
xrun: *W,DLCPTH (/home/cc/mnt/XCELIUM2309/tools/inca/files/cdsvhdl.lib,10): cds.lib Invalid path '/home/cc/mnt/XCELIUM2309/tools/inca/files/XMINTERNAL' (cds.lib command ignored).
DEFINE xmmodels ./XMMODELS
|
xrun: *W,DLCPTH (/home/cc/mnt/XCELIUM2309/tools/inca/files/cdsvhdl.lib,11): cds.lib Invalid path '/home/cc/mnt/XCELIUM2309/tools/inca/files/XMMODELS' (cds.lib command ignored).
DEFINE cds_assertions ./CDS_ASSERTIONS
|
xrun: *W,DLCPTH (/home/cc/mnt/XCELIUM2309/tools/inca/files/cdsvhdl.lib,12): cds.lib Invalid path '/home/cc/mnt/XCELIUM2309/tools/inca/files/CDS_ASSERTIONS' (cds.lib command ignored).
DEFINE cds_inhconn ./CDS_INHCONN
|
xrun: *W,DLCPTH (/home/cc/mnt/XCELIUM2309/tools/inca/files/cdsvhdl.lib,13): cds.lib Invalid path '/home/cc/mnt/XCELIUM2309/tools/inca/files/CDS_INHCONN' (cds.lib command ignored).
DEFINE cds_spicelib ./CDS_SPICELIB
|
xrun: *W,DLCPTH (/home/cc/mnt/XCELIUM2309/tools/inca/files/cdsvhdl.lib,14): cds.lib Invalid path '/home/cc/mnt/XCELIUM2309/tools/inca/files/CDS_SPICELIB' (cds.lib command ignored).
DEFINE cds_amsfunctions ./CDS_AMSFUNCTIONS
|
xrun: *W,DLCPTH (/home/cc/mnt/XCELIUM2309/tools/inca/files/cdsvhdl.lib,15): cds.lib Invalid path '/home/cc/mnt/XCELIUM2309/tools/inca/files/CDS_AMSFUNCTIONS' (cds.lib command ignored).
DEFINE std       ./STD
|
xmelab: *W,DLCPTH (/home/cc/mnt/XCELIUM2309/tools/inca/files/cdsvhdl.lib,1): cds.lib Invalid path '/home/cc/mnt/XCELIUM2309/tools/inca/files/STD' (cds.lib command ignored).
DEFINE synopsys  ./SYNOPSYS
|
xmelab: *W,DLCPTH (/home/cc/mnt/XCELIUM2309/tools/inca/files/cdsvhdl.lib,2): cds.lib Invalid path '/home/cc/mnt/XCELIUM2309/tools/inca/files/SYNOPSYS' (cds.lib command ignored).
DEFINE ieee      ./IEEE
|
xmelab: *W,DLCPTH (/home/cc/mnt/XCELIUM2309/tools/inca/files/cdsvhdl.lib,3): cds.lib Invalid path '/home/cc/mnt/XCELIUM2309/tools/inca/files/IEEE' (cds.lib command ignored).
DEFINE ambit     ./AMBIT
|
xmelab: *W,DLCPTH (/home/cc/mnt/XCELIUM2309/tools/inca/files/cdsvhdl.lib,4): cds.lib Invalid path '/home/cc/mnt/XCELIUM2309/tools/inca/files/AMBIT' (cds.lib command ignored).
DEFINE vital_memory ./VITAL_MEMORY
|
xmelab: *W,DLCPTH (/home/cc/mnt/XCELIUM2309/tools/inca/files/cdsvhdl.lib,5): cds.lib Invalid path '/home/cc/mnt/XCELIUM2309/tools/inca/files/VITAL_MEMORY' (cds.lib command ignored).
DEFINE ncutils ./NCUTILS
|
xmelab: *W,DLCPTH (/home/cc/mnt/XCELIUM2309/tools/inca/files/cdsvhdl.lib,6): cds.lib Invalid path '/home/cc/mnt/XCELIUM2309/tools/inca/files/NCUTILS' (cds.lib command ignored).
DEFINE ncinternal ./NCINTERNAL
|
xmelab: *W,DLCPTH (/home/cc/mnt/XCELIUM2309/tools/inca/files/cdsvhdl.lib,7): cds.lib Invalid path '/home/cc/mnt/XCELIUM2309/tools/inca/files/NCINTERNAL' (cds.lib command ignored).
DEFINE ncmodels ./NCMODELS
|
xmelab: *W,DLCPTH (/home/cc/mnt/XCELIUM2309/tools/inca/files/cdsvhdl.lib,8): cds.lib Invalid path '/home/cc/mnt/XCELIUM2309/tools/inca/files/NCMODELS' (cds.lib command ignored).
DEFINE xmutils ./XMUTILS
|
xmelab: *W,DLCPTH (/home/cc/mnt/XCELIUM2309/tools/inca/files/cdsvhdl.lib,9): cds.lib Invalid path '/home/cc/mnt/XCELIUM2309/tools/inca/files/XMUTILS' (cds.lib command ignored).
DEFINE xminternal ./XMINTERNAL
|
xmelab: *W,DLCPTH (/home/cc/mnt/XCELIUM2309/tools/inca/files/cdsvhdl.lib,10): cds.lib Invalid path '/home/cc/mnt/XCELIUM2309/tools/inca/files/XMINTERNAL' (cds.lib command ignored).
DEFINE xmmodels ./XMMODELS
|
xmelab: *W,DLCPTH (/home/cc/mnt/XCELIUM2309/tools/inca/files/cdsvhdl.lib,11): cds.lib Invalid path '/home/cc/mnt/XCELIUM2309/tools/inca/files/XMMODELS' (cds.lib command ignored).
DEFINE cds_assertions ./CDS_ASSERTIONS
|
xmelab: *W,DLCPTH (/home/cc/mnt/XCELIUM2309/tools/inca/files/cdsvhdl.lib,12): cds.lib Invalid path '/home/cc/mnt/XCELIUM2309/tools/inca/files/CDS_ASSERTIONS' (cds.lib command ignored).
DEFINE cds_inhconn ./CDS_INHCONN
|
xmelab: *W,DLCPTH (/home/cc/mnt/XCELIUM2309/tools/inca/files/cdsvhdl.lib,13): cds.lib Invalid path '/home/cc/mnt/XCELIUM2309/tools/inca/files/CDS_INHCONN' (cds.lib command ignored).
DEFINE cds_spicelib ./CDS_SPICELIB
|
xmelab: *W,DLCPTH (/home/cc/mnt/XCELIUM2309/tools/inca/files/cdsvhdl.lib,14): cds.lib Invalid path '/home/cc/mnt/XCELIUM2309/tools/inca/files/CDS_SPICELIB' (cds.lib command ignored).
DEFINE cds_amsfunctions ./CDS_AMSFUNCTIONS
|
xmelab: *W,DLCPTH (/home/cc/mnt/XCELIUM2309/tools/inca/files/cdsvhdl.lib,15): cds.lib Invalid path '/home/cc/mnt/XCELIUM2309/tools/inca/files/CDS_AMSFUNCTIONS' (cds.lib command ignored).
		Caching library 'worklib' ....... Done
	Elaborating the design hierarchy:
	Top level design units:
		uvm_pkg
		cdns_uvmapi
		cdns_assert2uvm_pkg
		cdns_uvm_pkg
		yapp_pkj
		top
	Building instance overlay tables: .................... Done
	Generating native compiled code:
DEFINE std       ./STD
|
xmvlog_cg: *W,DLCPTH (/home/cc/mnt/XCELIUM2309/tools/inca/files/cdsvhdl.lib,1): cds.lib Invalid path '/home/cc/mnt/XCELIUM2309/tools/inca/files/STD' (cds.lib command ignored).
DEFINE synopsys  ./SYNOPSYS
|
xmvlog_cg: *W,DLCPTH (/home/cc/mnt/XCELIUM2309/tools/inca/files/cdsvhdl.lib,2): cds.lib Invalid path '/home/cc/mnt/XCELIUM2309/tools/inca/files/SYNOPSYS' (cds.lib command ignored).
DEFINE ieee      ./IEEE
|
xmvlog_cg: *W,DLCPTH (/home/cc/mnt/XCELIUM2309/tools/inca/files/cdsvhdl.lib,3): cds.lib Invalid path '/home/cc/mnt/XCELIUM2309/tools/inca/files/IEEE' (cds.lib command ignored).
DEFINE ambit     ./AMBIT
|
xmvlog_cg: *W,DLCPTH (/home/cc/mnt/XCELIUM2309/tools/inca/files/cdsvhdl.lib,4): cds.lib Invalid path '/home/cc/mnt/XCELIUM2309/tools/inca/files/AMBIT' (cds.lib command ignored).
DEFINE vital_memory ./VITAL_MEMORY
|
xmvlog_cg: *W,DLCPTH (/home/cc/mnt/XCELIUM2309/tools/inca/files/cdsvhdl.lib,5): cds.lib Invalid path '/home/cc/mnt/XCELIUM2309/tools/inca/files/VITAL_MEMORY' (cds.lib command ignored).
DEFINE ncutils ./NCUTILS
|
xmvlog_cg: *W,DLCPTH (/home/cc/mnt/XCELIUM2309/tools/inca/files/cdsvhdl.lib,6): cds.lib Invalid path '/home/cc/mnt/XCELIUM2309/tools/inca/files/NCUTILS' (cds.lib command ignored).
DEFINE ncinternal ./NCINTERNAL
|
xmvlog_cg: *W,DLCPTH (/home/cc/mnt/XCELIUM2309/tools/inca/files/cdsvhdl.lib,7): cds.lib Invalid path '/home/cc/mnt/XCELIUM2309/tools/inca/files/NCINTERNAL' (cds.lib command ignored).
DEFINE ncmodels ./NCMODELS
|
xmvlog_cg: *W,DLCPTH (/home/cc/mnt/XCELIUM2309/tools/inca/files/cdsvhdl.lib,8): cds.lib Invalid path '/home/cc/mnt/XCELIUM2309/tools/inca/files/NCMODELS' (cds.lib command ignored).
DEFINE xmutils ./XMUTILS
|
xmvlog_cg: *W,DLCPTH (/home/cc/mnt/XCELIUM2309/tools/inca/files/cdsvhdl.lib,9): cds.lib Invalid path '/home/cc/mnt/XCELIUM2309/tools/inca/files/XMUTILS' (cds.lib command ignored).
DEFINE xminternal ./XMINTERNAL
|
xmvlog_cg: *W,DLCPTH (/home/cc/mnt/XCELIUM2309/tools/inca/files/cdsvhdl.lib,10): cds.lib Invalid path '/home/cc/mnt/XCELIUM2309/tools/inca/files/XMINTERNAL' (cds.lib command ignored).
DEFINE xmmodels ./XMMODELS
|
xmvlog_cg: *W,DLCPTH (/home/cc/mnt/XCELIUM2309/tools/inca/files/cdsvhdl.lib,11): cds.lib Invalid path '/home/cc/mnt/XCELIUM2309/tools/inca/files/XMMODELS' (cds.lib command ignored).
DEFINE cds_assertions ./CDS_ASSERTIONS
|
xmvlog_cg: *W,DLCPTH (/home/cc/mnt/XCELIUM2309/tools/inca/files/cdsvhdl.lib,12): cds.lib Invalid path '/home/cc/mnt/XCELIUM2309/tools/inca/files/CDS_ASSERTIONS' (cds.lib command ignored).
DEFINE cds_inhconn ./CDS_INHCONN
|
xmvlog_cg: *W,DLCPTH (/home/cc/mnt/XCELIUM2309/tools/inca/files/cdsvhdl.lib,13): cds.lib Invalid path '/home/cc/mnt/XCELIUM2309/tools/inca/files/CDS_INHCONN' (cds.lib command ignored).
DEFINE cds_spicelib ./CDS_SPICELIB
|
xmvlog_cg: *W,DLCPTH (/home/cc/mnt/XCELIUM2309/tools/inca/files/cdsvhdl.lib,14): cds.lib Invalid path '/home/cc/mnt/XCELIUM2309/tools/inca/files/CDS_SPICELIB' (cds.lib command ignored).
DEFINE cds_amsfunctions ./CDS_AMSFUNCTIONS
|
xmvlog_cg: *W,DLCPTH (/home/cc/mnt/XCELIUM2309/tools/inca/files/cdsvhdl.lib,15): cds.lib Invalid path '/home/cc/mnt/XCELIUM2309/tools/inca/files/CDS_AMSFUNCTIONS' (cds.lib command ignored).
		worklib.top:sv <0x3480a842>
			streams:  42, words: 27540
	Building instance specific data structures.
	Loading native compiled code:     .................... Done
	Design hierarchy summary:
		                       Instances  Unique
		Modules:                       1       1
		Verilog packages:              5       5
		Registers:                 13020   10091
		Named events:                  4      12
		Initial blocks:              258     148
		Parallel blocks:              26      27
		Assertions:                    2       2
		SV Class declarations:       192     306
		SV Class specializations:    343     343
	Writing initial simulation snapshot: worklib.top:sv
DEFINE std       ./STD
|
xmsim: *W,DLCPTH (/home/cc/mnt/XCELIUM2309/tools/inca/files/cdsvhdl.lib,1): cds.lib Invalid path '/home/cc/mnt/XCELIUM2309/tools/inca/files/STD' (cds.lib command ignored).
DEFINE synopsys  ./SYNOPSYS
|
xmsim: *W,DLCPTH (/home/cc/mnt/XCELIUM2309/tools/inca/files/cdsvhdl.lib,2): cds.lib Invalid path '/home/cc/mnt/XCELIUM2309/tools/inca/files/SYNOPSYS' (cds.lib command ignored).
DEFINE ieee      ./IEEE
|
xmsim: *W,DLCPTH (/home/cc/mnt/XCELIUM2309/tools/inca/files/cdsvhdl.lib,3): cds.lib Invalid path '/home/cc/mnt/XCELIUM2309/tools/inca/files/IEEE' (cds.lib command ignored).
DEFINE ambit     ./AMBIT
|
xmsim: *W,DLCPTH (/home/cc/mnt/XCELIUM2309/tools/inca/files/cdsvhdl.lib,4): cds.lib Invalid path '/home/cc/mnt/XCELIUM2309/tools/inca/files/AMBIT' (cds.lib command ignored).
DEFINE vital_memory ./VITAL_MEMORY
|
xmsim: *W,DLCPTH (/home/cc/mnt/XCELIUM2309/tools/inca/files/cdsvhdl.lib,5): cds.lib Invalid path '/home/cc/mnt/XCELIUM2309/tools/inca/files/VITAL_MEMORY' (cds.lib command ignored).
DEFINE ncutils ./NCUTILS
|
xmsim: *W,DLCPTH (/home/cc/mnt/XCELIUM2309/tools/inca/files/cdsvhdl.lib,6): cds.lib Invalid path '/home/cc/mnt/XCELIUM2309/tools/inca/files/NCUTILS' (cds.lib command ignored).
DEFINE ncinternal ./NCINTERNAL
|
xmsim: *W,DLCPTH (/home/cc/mnt/XCELIUM2309/tools/inca/files/cdsvhdl.lib,7): cds.lib Invalid path '/home/cc/mnt/XCELIUM2309/tools/inca/files/NCINTERNAL' (cds.lib command ignored).
DEFINE ncmodels ./NCMODELS
|
xmsim: *W,DLCPTH (/home/cc/mnt/XCELIUM2309/tools/inca/files/cdsvhdl.lib,8): cds.lib Invalid path '/home/cc/mnt/XCELIUM2309/tools/inca/files/NCMODELS' (cds.lib command ignored).
DEFINE xmutils ./XMUTILS
|
xmsim: *W,DLCPTH (/home/cc/mnt/XCELIUM2309/tools/inca/files/cdsvhdl.lib,9): cds.lib Invalid path '/home/cc/mnt/XCELIUM2309/tools/inca/files/XMUTILS' (cds.lib command ignored).
DEFINE xminternal ./XMINTERNAL
|
xmsim: *W,DLCPTH (/home/cc/mnt/XCELIUM2309/tools/inca/files/cdsvhdl.lib,10): cds.lib Invalid path '/home/cc/mnt/XCELIUM2309/tools/inca/files/XMINTERNAL' (cds.lib command ignored).
DEFINE xmmodels ./XMMODELS
|
xmsim: *W,DLCPTH (/home/cc/mnt/XCELIUM2309/tools/inca/files/cdsvhdl.lib,11): cds.lib Invalid path '/home/cc/mnt/XCELIUM2309/tools/inca/files/XMMODELS' (cds.lib command ignored).
DEFINE cds_assertions ./CDS_ASSERTIONS
|
xmsim: *W,DLCPTH (/home/cc/mnt/XCELIUM2309/tools/inca/files/cdsvhdl.lib,12): cds.lib Invalid path '/home/cc/mnt/XCELIUM2309/tools/inca/files/CDS_ASSERTIONS' (cds.lib command ignored).
DEFINE cds_inhconn ./CDS_INHCONN
|
xmsim: *W,DLCPTH (/home/cc/mnt/XCELIUM2309/tools/inca/files/cdsvhdl.lib,13): cds.lib Invalid path '/home/cc/mnt/XCELIUM2309/tools/inca/files/CDS_INHCONN' (cds.lib command ignored).
DEFINE cds_spicelib ./CDS_SPICELIB
|
xmsim: *W,DLCPTH (/home/cc/mnt/XCELIUM2309/tools/inca/files/cdsvhdl.lib,14): cds.lib Invalid path '/home/cc/mnt/XCELIUM2309/tools/inca/files/CDS_SPICELIB' (cds.lib command ignored).
DEFINE cds_amsfunctions ./CDS_AMSFUNCTIONS
|
xmsim: *W,DLCPTH (/home/cc/mnt/XCELIUM2309/tools/inca/files/cdsvhdl.lib,15): cds.lib Invalid path '/home/cc/mnt/XCELIUM2309/tools/inca/files/CDS_AMSFUNCTIONS' (cds.lib command ignored).
Loading snapshot worklib.top:sv .................... Done
SVSEED default: 1
xcelium> source /home/cc/mnt/XCELIUM2309/tools/xcelium/files/xmsimrc
xcelium> source /home/cc/mnt/XCELIUM2309/tools/methodology/UVM/CDNS-1.1d/additions/sv/files/tcl/uvm_sim.tcl
xcelium> run
----------------------------------------------------------------
CDNS-UVM-1.1d (23.09-s006)
(C) 2007-2013 Mentor Graphics Corporation
(C) 2007-2013 Cadence Design Systems, Inc.
(C) 2006-2013 Synopsys, Inc.
(C) 2011-2013 Cypress Semiconductor Corp.
----------------------------------------------------------------

  ***********       IMPORTANT RELEASE NOTES         ************

  You are using a version of the UVM library that has been compiled
  with `UVM_NO_DEPRECATED undefined.
  See http://www.eda.org/svdb/view.php?id=3313 for more details.

  You are using a version of the UVM library that has been compiled
  with `UVM_OBJECT_MUST_HAVE_CONSTRUCTOR undefined.
  See http://www.eda.org/svdb/view.php?id=3770 for more details.

      (Specify +UVM_NO_RELNOTES to turn off this notice)

UVM_INFO @ 0: reporter [RNTST] Running test base_test...
UVM_INFO ./tb/router_test_lib.sv(13) @ 0: uvm_test_top [TEST] Build phase of env is being executed
UVM_INFO ./tb/router_tb.sv(11) @ 0: uvm_test_top.tb [UVM_ENV] Build phase of env is being executed
UVM_INFO @ 0: reporter [UVMTOP] UVM testbench topology:
------------------------------------
Name          Type       Size  Value
------------------------------------
uvm_test_top  base_test  -     @2585
  tb          router_tb  -     @2634
------------------------------------


--- UVM Report catcher Summary ---


Number of demoted UVM_FATAL reports  :    0
Number of demoted UVM_ERROR reports  :    0
Number of demoted UVM_WARNING reports:    0
Number of caught UVM_FATAL reports   :    0
Number of caught UVM_ERROR reports   :    0
Number of caught UVM_WARNING reports :    0

--- UVM Report Summary ---

** Report counts by severity
UVM_INFO :    4
UVM_WARNING :    0
UVM_ERROR :    0
UVM_FATAL :    0
** Report counts by id
[RNTST]     1
[TEST]     1
[UVMTOP]     1
[UVM_ENV]     1
Simulation complete via $finish(1) at time 0 FS + 179
/home/cc/mnt/XCELIUM2309/tools/methodology/UVM/CDNS-1.1d/sv/src/base/uvm_root.svh:457     $finish;
xcelium> exit
TOOL:	xrun(64)	23.09-s006: Exiting on Jun 25, 2025 at 15:51:35 PKT  (total: 00:00:01)
